<?xml version="1.0" encoding="UTF-8"?>
<!-- Generated by org.testng.reporters.JUnitReportReporter -->
<testsuite hostname="DESKTOP-BK636F0" failures="0" tests="1" name="testCases.LoginTest" time="16.861" errors="0" timestamp="2022-12-17T22:25:51 IST" skipped="0">
  <testcase classname="testCases.LoginTest" name="test_Login" time="16.861"/>
  <system-out/>
</testsuite> <!-- testCases.LoginTest -->
