<?xml version="1.0" encoding="UTF-8"?>
<!-- Generated by org.testng.reporters.JUnitReportReporter -->
<testsuite hostname="DESKTOP-BK636F0" failures="0" tests="1" name="testCases.LoginTest" time="27.295" errors="0" timestamp="2023-01-24T11:07:15 IST" skipped="0">
  <testcase classname="testCases.LoginTest" name="test_Login" time="27.295"/>
  <system-out/>
</testsuite> <!-- testCases.LoginTest -->
